  Determining projects to restore...
/home/tatoh/Repos/Personal/NexusMods.App/src/NexusMods.Abstractions.Loadouts.Synchronizers/NexusMods.Abstractions.Loadouts.Synchronizers.csproj : warning NU1510: PackageReference System.Linq will not be pruned. Consider removing this package from your dependencies, as it is likely unnecessary. [/home/tatoh/Repos/Personal/NexusMods.App/src/NexusMods.App.UI/NexusMods.App.UI.csproj]
  All projects are up-to-date for restore.
  NexusMods.Abstractions.Logging -> /home/tatoh/Repos/Personal/NexusMods.App/src/NexusMods.Abstractions.Logging/bin/Debug/net10.0/NexusMods.Abstractions.Logging.dll
  NexusMods.Networking.GitHub -> /home/tatoh/Repos/Personal/NexusMods.App/src/NexusMods.Networking.GitHub/bin/Debug/net10.0/NexusMods.Networking.GitHub.dll
/home/tatoh/Repos/Personal/NexusMods.App/src/NexusMods.Abstractions.Loadouts.Synchronizers/NexusMods.Abstractions.Loadouts.Synchronizers.csproj : warning NU1510: PackageReference System.Linq will not be pruned. Consider removing this package from your dependencies, as it is likely unnecessary.
  NexusMods.Abstractions.GC -> /home/tatoh/Repos/Personal/NexusMods.App/src/NexusMods.Abstractions.GC/bin/Debug/net10.0/NexusMods.Abstractions.GC.dll
CSC : warning CS8785: Generator 'GenerateWeaveSources' failed to generate source. It will not contribute to the output and compilation errors may occur as a result. Exception was of type 'ArgumentNullException' with message 'Value cannot be null. (Parameter 'path2')'. [/home/tatoh/Repos/Personal/NexusMods.App/src/NexusMods.Sdk/NexusMods.Sdk.csproj]
/home/tatoh/Repos/Personal/NexusMods.App/src/NexusMods.Sdk/Loadouts/Models/Loadout.cs(7,7): warning CS0105: The using directive for 'NexusMods.MnemonicDB.Abstractions.Attributes' appeared previously in this namespace [/home/tatoh/Repos/Personal/NexusMods.App/src/NexusMods.Sdk/NexusMods.Sdk.csproj]
/home/tatoh/Repos/Personal/NexusMods.App/src/NexusMods.Sdk/Loadouts/Models/Loadout.cs(8,7): warning CS0105: The using directive for 'NexusMods.MnemonicDB.Abstractions.Models' appeared previously in this namespace [/home/tatoh/Repos/Personal/NexusMods.App/src/NexusMods.Sdk/NexusMods.Sdk.csproj]
/home/tatoh/Repos/Personal/NexusMods.App/src/NexusMods.Sdk/obj/Debug/net10.0/NexusMods.MnemonicDB.SourceGenerator/NexusMods.MnemonicDB.SourceGenerator.ModelGenerator/NexusMods_Sdk_Games_ManuallyAddedGame.Generated.cs(501,96): warning CS0618: 'ManuallyAddedGame' is obsolete: 'this is a hack that will be removed soon tm' [/home/tatoh/Repos/Personal/NexusMods.App/src/NexusMods.Sdk/NexusMods.Sdk.csproj]
/home/tatoh/Repos/Personal/NexusMods.App/src/NexusMods.Sdk/obj/Debug/net10.0/NexusMods.MnemonicDB.SourceGenerator/NexusMods.MnemonicDB.SourceGenerator.ModelGenerator/NexusMods_Sdk_Games_ManuallyAddedGame.Generated.cs(501,19): warning CS0618: 'ManuallyAddedGame' is obsolete: 'this is a hack that will be removed soon tm' [/home/tatoh/Repos/Personal/NexusMods.App/src/NexusMods.Sdk/NexusMods.Sdk.csproj]
/home/tatoh/Repos/Personal/NexusMods.App/src/NexusMods.Sdk/obj/Debug/net10.0/NexusMods.MnemonicDB.SourceGenerator/NexusMods.MnemonicDB.SourceGenerator.ModelGenerator/NexusMods_Sdk_Games_ManuallyAddedGame.Generated.cs(487,65): warning CS0618: 'ManuallyAddedGame' is obsolete: 'this is a hack that will be removed soon tm' [/home/tatoh/Repos/Personal/NexusMods.App/src/NexusMods.Sdk/NexusMods.Sdk.csproj]
/home/tatoh/Repos/Personal/NexusMods.App/src/NexusMods.Sdk/obj/Debug/net10.0/NexusMods.MnemonicDB.SourceGenerator/NexusMods.MnemonicDB.SourceGenerator.ModelGenerator/NexusMods_Sdk_Games_ManuallyAddedGame.Generated.cs(488,65): warning CS0618: 'ManuallyAddedGame' is obsolete: 'this is a hack that will be removed soon tm' [/home/tatoh/Repos/Personal/NexusMods.App/src/NexusMods.Sdk/NexusMods.Sdk.csproj]
/home/tatoh/Repos/Personal/NexusMods.App/src/NexusMods.Sdk/obj/Debug/net10.0/NexusMods.MnemonicDB.SourceGenerator/NexusMods.MnemonicDB.SourceGenerator.ModelGenerator/NexusMods_Sdk_Games_ManuallyAddedGame.Generated.cs(489,65): warning CS0618: 'ManuallyAddedGame' is obsolete: 'this is a hack that will be removed soon tm' [/home/tatoh/Repos/Personal/NexusMods.App/src/NexusMods.Sdk/NexusMods.Sdk.csproj]
/home/tatoh/Repos/Personal/NexusMods.App/src/NexusMods.Sdk/obj/Debug/net10.0/NexusMods.MnemonicDB.SourceGenerator/NexusMods.MnemonicDB.SourceGenerator.ModelGenerator/NexusMods_Sdk_Games_ManuallyAddedGame.Generated.cs(490,65): warning CS0618: 'ManuallyAddedGame' is obsolete: 'this is a hack that will be removed soon tm' [/home/tatoh/Repos/Personal/NexusMods.App/src/NexusMods.Sdk/NexusMods.Sdk.csproj]
/home/tatoh/Repos/Personal/NexusMods.App/src/NexusMods.Sdk/obj/Debug/net10.0/NexusMods.MnemonicDB.SourceGenerator/NexusMods.MnemonicDB.SourceGenerator.ModelGenerator/NexusMods_Sdk_Games_ManuallyAddedGame.Generated.cs(491,77): warning CS0618: 'ManuallyAddedGame' is obsolete: 'this is a hack that will be removed soon tm' [/home/tatoh/Repos/Personal/NexusMods.App/src/NexusMods.Sdk/NexusMods.Sdk.csproj]
/home/tatoh/Repos/Personal/NexusMods.App/src/NexusMods.Sdk/obj/Debug/net10.0/NexusMods.MnemonicDB.SourceGenerator/NexusMods.MnemonicDB.SourceGenerator.ModelGenerator/NexusMods_Sdk_Games_ManuallyAddedGame.Generated.cs(491,113): warning CS0618: 'ManuallyAddedGame' is obsolete: 'this is a hack that will be removed soon tm' [/home/tatoh/Repos/Personal/NexusMods.App/src/NexusMods.Sdk/NexusMods.Sdk.csproj]
/home/tatoh/Repos/Personal/NexusMods.App/src/NexusMods.Sdk/obj/Debug/net10.0/NexusMods.MnemonicDB.SourceGenerator/NexusMods.MnemonicDB.SourceGenerator.ModelGenerator/NexusMods_Sdk_Games_ManuallyAddedGame.Generated.cs(502,20): warning CS0618: 'ManuallyAddedGame' is obsolete: 'this is a hack that will be removed soon tm' [/home/tatoh/Repos/Personal/NexusMods.App/src/NexusMods.Sdk/NexusMods.Sdk.csproj]
/home/tatoh/Repos/Personal/NexusMods.App/src/NexusMods.Sdk/Jobs/StreamProgressWrapper.cs(51,34): warning CS1690: Accessing a member on 'StreamProgressWrapper<TState>._period' may cause a runtime exception because it is a field of a marshal-by-reference class [/home/tatoh/Repos/Personal/NexusMods.App/src/NexusMods.Sdk/NexusMods.Sdk.csproj]
/home/tatoh/Repos/Personal/NexusMods.App/src/NexusMods.Sdk/obj/Debug/net10.0/NexusMods.MnemonicDB.SourceGenerator/NexusMods.MnemonicDB.SourceGenerator.ModelGenerator/NexusMods_Sdk_Games_GameInstallMetadata.Generated.cs(583,65): warning CS0618: 'GameInstallMetadata.Name' is obsolete: 'to be removed' [/home/tatoh/Repos/Personal/NexusMods.App/src/NexusMods.Sdk/NexusMods.Sdk.csproj]
/home/tatoh/Repos/Personal/NexusMods.App/src/NexusMods.Sdk/Games/IGameData.cs(60,26): warning CS0168: The variable 'e' is declared but never used [/home/tatoh/Repos/Personal/NexusMods.App/src/NexusMods.Sdk/NexusMods.Sdk.csproj]
/home/tatoh/Repos/Personal/NexusMods.App/src/NexusMods.Sdk/obj/Debug/net10.0/NexusMods.MnemonicDB.SourceGenerator/NexusMods.MnemonicDB.SourceGenerator.ModelGenerator/NexusMods_Sdk_Games_GameInstallMetadata.Generated.cs(100,9): warning CS0618: 'GameInstallMetadata.Name' is obsolete: 'to be removed' [/home/tatoh/Repos/Personal/NexusMods.App/src/NexusMods.Sdk/NexusMods.Sdk.csproj]
/home/tatoh/Repos/Personal/NexusMods.App/src/NexusMods.Sdk/obj/Debug/net10.0/NexusMods.MnemonicDB.SourceGenerator/NexusMods.MnemonicDB.SourceGenerator.ModelGenerator/NexusMods_Sdk_Games_GameInstallMetadata.Generated.cs(116,9): warning CS0618: 'GameInstallMetadata.Name' is obsolete: 'to be removed' [/home/tatoh/Repos/Personal/NexusMods.App/src/NexusMods.Sdk/NexusMods.Sdk.csproj]
/home/tatoh/Repos/Personal/NexusMods.App/src/NexusMods.Sdk/obj/Debug/net10.0/NexusMods.MnemonicDB.SourceGenerator/NexusMods.MnemonicDB.SourceGenerator.ModelGenerator/NexusMods_Sdk_Games_GameInstallMetadata.Generated.cs(413,34): warning CS0618: 'GameInstallMetadata.Name' is obsolete: 'to be removed' [/home/tatoh/Repos/Personal/NexusMods.App/src/NexusMods.Sdk/NexusMods.Sdk.csproj]
/home/tatoh/Repos/Personal/NexusMods.App/src/NexusMods.Sdk/obj/Debug/net10.0/NexusMods.MnemonicDB.SourceGenerator/NexusMods.MnemonicDB.SourceGenerator.ModelGenerator/NexusMods_Sdk_Games_GameInstallMetadata.Generated.cs(226,24): warning CS0618: 'GameInstallMetadata.Name' is obsolete: 'to be removed' [/home/tatoh/Repos/Personal/NexusMods.App/src/NexusMods.Sdk/NexusMods.Sdk.csproj]
/home/tatoh/Repos/Personal/NexusMods.App/src/NexusMods.Sdk/Loadouts/Models/Loadout.cs(7,7): warning CS0105: The using directive for 'NexusMods.MnemonicDB.Abstractions.Attributes' appeared previously in this namespace [/home/tatoh/Repos/Personal/NexusMods.App/src/NexusMods.Sdk/NexusMods.Sdk.csproj]
/home/tatoh/Repos/Personal/NexusMods.App/src/NexusMods.Sdk/Loadouts/Models/Loadout.cs(8,7): warning CS0105: The using directive for 'NexusMods.MnemonicDB.Abstractions.Models' appeared previously in this namespace [/home/tatoh/Repos/Personal/NexusMods.App/src/NexusMods.Sdk/NexusMods.Sdk.csproj]
/home/tatoh/Repos/Personal/NexusMods.App/src/NexusMods.Sdk/obj/Debug/net10.0/NexusMods.MnemonicDB.SourceGenerator/NexusMods.MnemonicDB.SourceGenerator.ModelGenerator/NexusMods_Sdk_Games_ManuallyAddedGame.Generated.cs(501,96): warning CS0618: 'ManuallyAddedGame' is obsolete: 'this is a hack that will be removed soon tm' [/home/tatoh/Repos/Personal/NexusMods.App/src/NexusMods.Sdk/NexusMods.Sdk.csproj]
/home/tatoh/Repos/Personal/NexusMods.App/src/NexusMods.Sdk/obj/Debug/net10.0/NexusMods.MnemonicDB.SourceGenerator/NexusMods.MnemonicDB.SourceGenerator.ModelGenerator/NexusMods_Sdk_Games_ManuallyAddedGame.Generated.cs(501,19): warning CS0618: 'ManuallyAddedGame' is obsolete: 'this is a hack that will be removed soon tm' [/home/tatoh/Repos/Personal/NexusMods.App/src/NexusMods.Sdk/NexusMods.Sdk.csproj]
  NexusMods.Sdk -> /home/tatoh/Repos/Personal/NexusMods.App/src/NexusMods.Sdk/bin/Debug/net10.0/NexusMods.Sdk.dll
  NexusMods.Abstractions.Serialization -> /home/tatoh/Repos/Personal/NexusMods.App/src/NexusMods.Abstractions.Serialization/bin/Debug/net10.0/NexusMods.Abstractions.Serialization.dll
  NexusMods.Abstractions.GuidedInstallers -> /home/tatoh/Repos/Personal/NexusMods.App/src/NexusMods.Abstractions.GuidedInstallers/bin/Debug/net10.0/NexusMods.Abstractions.GuidedInstallers.dll
  NexusMods.Abstractions.Cli -> /home/tatoh/Repos/Personal/NexusMods.App/src/NexusMods.Abstractions.Cli/bin/Debug/net10.0/NexusMods.Abstractions.Cli.dll
  NexusMods.Abstractions.Steam -> /home/tatoh/Repos/Personal/NexusMods.App/src/NexusMods.Abstractions.Steam/bin/Debug/net10.0/NexusMods.Abstractions.Steam.dll
  NexusMods.UI.Sdk -> /home/tatoh/Repos/Personal/NexusMods.App/src/NexusMods.UI.Sdk/bin/Debug/net10.0/NexusMods.UI.Sdk.dll
  NexusMods.Abstractions.NexusWebApi -> /home/tatoh/Repos/Personal/NexusMods.App/src/NexusMods.Abstractions.NexusWebApi/bin/Debug/net10.0/NexusMods.Abstractions.NexusWebApi.dll
  NexusMods.Abstractions.Games.FileHashes -> /home/tatoh/Repos/Personal/NexusMods.App/src/NexusMods.Abstractions.Games.FileHashes/bin/Debug/net10.0/NexusMods.Abstractions.Games.FileHashes.dll
  NexusMods.Abstractions.Loadouts -> /home/tatoh/Repos/Personal/NexusMods.App/src/NexusMods.Abstractions.Loadouts/bin/Debug/net10.0/NexusMods.Abstractions.Loadouts.dll
  NexusMods.Abstractions.Telemetry -> /home/tatoh/Repos/Personal/NexusMods.App/src/NexusMods.Abstractions.Telemetry/bin/Debug/net10.0/NexusMods.Abstractions.Telemetry.dll
  NexusMods.Abstractions.Downloads -> /home/tatoh/Repos/Personal/NexusMods.App/src/NexusMods.Abstractions.Downloads/bin/Debug/net10.0/NexusMods.Abstractions.Downloads.dll
  NexusMods.Telemetry -> /home/tatoh/Repos/Personal/NexusMods.App/src/NexusMods.Telemetry/bin/Debug/net10.0/NexusMods.Telemetry.dll
  NexusMods.Abstractions.Library.Installers -> /home/tatoh/Repos/Personal/NexusMods.App/src/NexusMods.Abstractions.Library.Installers/bin/Debug/net10.0/NexusMods.Abstractions.Library.Installers.dll
  NexusMods.Abstractions.HttpDownloads -> /home/tatoh/Repos/Personal/NexusMods.App/src/NexusMods.Abstractions.HttpDownloads/bin/Debug/net10.0/NexusMods.Abstractions.HttpDownloads.dll
  NexusMods.Games.FOMOD -> /home/tatoh/Repos/Personal/NexusMods.App/src/NexusMods.Games.FOMOD/bin/Debug/net10.0/NexusMods.Games.FOMOD.dll
  NexusMods.Abstractions.NexusModsLibrary -> /home/tatoh/Repos/Personal/NexusMods.App/src/NexusMods.Abstractions.NexusModsLibrary/bin/Debug/net10.0/NexusMods.Abstractions.NexusModsLibrary.dll
  NexusMods.Abstractions.Collections -> /home/tatoh/Repos/Personal/NexusMods.App/src/NexusMods.Abstractions.Collections/bin/Debug/net10.0/NexusMods.Abstractions.Collections.dll
  NexusMods.Networking.ModUpdates -> /home/tatoh/Repos/Personal/NexusMods.App/src/NexusMods.Networking.ModUpdates/bin/Debug/net10.0/NexusMods.Networking.ModUpdates.dll
  NexusMods.Networking.HttpDownloader -> /home/tatoh/Repos/Personal/NexusMods.App/src/NexusMods.Networking.HttpDownloader/bin/Debug/net10.0/NexusMods.Networking.HttpDownloader.dll
  NexusMods.Abstractions.Library -> /home/tatoh/Repos/Personal/NexusMods.App/src/NexusMods.Abstractions.Library/bin/Debug/net10.0/NexusMods.Abstractions.Library.dll
  NexusMods.Abstractions.Loadouts.Synchronizers -> /home/tatoh/Repos/Personal/NexusMods.App/src/NexusMods.Abstractions.Loadouts.Synchronizers/bin/Debug/net10.0/NexusMods.Abstractions.Loadouts.Synchronizers.dll
  NexusMods.Networking.NexusWebApi -> /home/tatoh/Repos/Personal/NexusMods.App/src/NexusMods.Networking.NexusWebApi/bin/Debug/net10.0/NexusMods.Networking.NexusWebApi.dll
  NexusMods.Abstractions.Games -> /home/tatoh/Repos/Personal/NexusMods.App/src/NexusMods.Abstractions.Games/bin/Debug/net10.0/NexusMods.Abstractions.Games.dll
  NexusMods.Abstractions.Games.Diagnostics -> /home/tatoh/Repos/Personal/NexusMods.App/src/NexusMods.Abstractions.Games.Diagnostics/bin/Debug/net10.0/NexusMods.Abstractions.Games.Diagnostics.dll
  NexusMods.Collections -> /home/tatoh/Repos/Personal/NexusMods.App/src/NexusMods.Collections/bin/Debug/net10.0/NexusMods.Collections.dll
  NexusMods.App.Cli -> /home/tatoh/Repos/Personal/NexusMods.App/src/NexusMods.App.Cli/bin/Debug/net10.0/NexusMods.App.Cli.dll
  NexusMods.App.Generators.Diagnostics -> /home/tatoh/Repos/Personal/NexusMods.App/src/NexusMods.App.Generators.Diagnostics/bin/Debug/netstandard2.0/NexusMods.App.Generators.Diagnostics.dll
  NexusMods.Games.Generic -> /home/tatoh/Repos/Personal/NexusMods.App/src/NexusMods.Games.Generic/bin/Debug/net10.0/NexusMods.Games.Generic.dll
  NexusMods.Games.FileHashes -> /home/tatoh/Repos/Personal/NexusMods.App/src/NexusMods.Games.FileHashes/bin/Debug/net10.0/NexusMods.Games.FileHashes.dll
  NexusMods.Games.RedEngine -> /home/tatoh/Repos/Personal/NexusMods.App/src/NexusMods.Games.RedEngine/bin/Debug/net10.0/NexusMods.Games.RedEngine.dll
  ===============================================
  Bat File Handling Information
  Project: NexusMods.Games.RedEngine
  Configuration: Debug
  IsLinux: true
  BatFileSourcePath: /home/tatoh/Repos/Personal/NexusMods.App/src/NexusMods.Games.RedEngine/build/../Resources/Cyberpunk2077/deploy_redmod.bat
  Will copy bat file: true
  ===============================================
CSC : warning CS8785: Generator 'GenerateWeaveSources' failed to generate source. It will not contribute to the output and compilation errors may occur as a result. Exception was of type 'ArgumentNullException' with message 'Value cannot be null. (Parameter 'path2')'. [/home/tatoh/Repos/Personal/NexusMods.App/src/NexusMods.App.UI/NexusMods.App.UI.csproj]
/home/tatoh/Repos/Personal/NexusMods.App/src/NexusMods.App.UI/LeftMenu/Loadout/LoadoutLeftMenuViewModel.cs(32,7): warning CS0105: The using directive for 'NexusMods.UI.Sdk' appeared previously in this namespace [/home/tatoh/Repos/Personal/NexusMods.App/src/NexusMods.App.UI/NexusMods.App.UI.csproj]
/home/tatoh/Repos/Personal/NexusMods.App/src/NexusMods.App.UI/Pages/CollectionDownload/CollectionDownloadViewModel.cs(561,59): warning CS0108: 'CollectionDownloadTreeDataGridAdapter.Filter' hides inherited member 'TreeDataGridAdapter<CompositeItemModel<EntityId>, EntityId>.Filter'. Use the new keyword if hiding was intended. [/home/tatoh/Repos/Personal/NexusMods.App/src/NexusMods.App.UI/NexusMods.App.UI.csproj]
/home/tatoh/Repos/Personal/NexusMods.App/src/NexusMods.App.UI/Pages/DebugControls/DebugControlsPageViewModel.cs(58,27): warning CS0108: 'DebugControlsPageViewModel.WindowManager' hides inherited member 'APageViewModel<IDebugControlsPageViewModel>.WindowManager'. Use the new keyword if hiding was intended. [/home/tatoh/Repos/Personal/NexusMods.App/src/NexusMods.App.UI/NexusMods.App.UI.csproj]
/home/tatoh/Repos/Personal/NexusMods.App/src/NexusMods.App.UI/Pages/DebugControls/DebugControlsPageViewModel.cs(70,27): warning CS0108: 'DebugControlsPageDesignViewModel.WindowManager' hides inherited member 'APageViewModel<IDebugControlsPageViewModel>.WindowManager'. Use the new keyword if hiding was intended. [/home/tatoh/Repos/Personal/NexusMods.App/src/NexusMods.App.UI/NexusMods.App.UI.csproj]
/home/tatoh/Repos/Personal/NexusMods.App/src/NexusMods.App.UI/Controls/Trees/Files/FileTreeNodeView.axaml.cs(26,50): warning CS0618: 'FileTreeNodeIconTypeHelpers.GetIconClass(FileTreeNodeIconType)' is obsolete: 'To be removed with migration to new ViewModFiles and Preview Changes' [/home/tatoh/Repos/Personal/NexusMods.App/src/NexusMods.App.UI/NexusMods.App.UI.csproj]
/home/tatoh/Repos/Personal/NexusMods.App/src/NexusMods.App.UI/Controls/Trees/Files/FileTreeNodeView.axaml.cs(27,47): warning CS0618: 'FileTreeNodeIconTypeHelpers.GetIconClass(FileTreeNodeIconType)' is obsolete: 'To be removed with migration to new ViewModFiles and Preview Changes' [/home/tatoh/Repos/Personal/NexusMods.App/src/NexusMods.App.UI/NexusMods.App.UI.csproj]
/home/tatoh/Repos/Personal/NexusMods.App/src/NexusMods.App.UI/Controls/Trees/Common/FileTreeNodeIconType.cs(133,16): warning CS0618: 'FileTreeNodeIconTypeHelpers.GetIconClass(FileTreeNodeIconType)' is obsolete: 'To be removed with migration to new ViewModFiles and Preview Changes' [/home/tatoh/Repos/Personal/NexusMods.App/src/NexusMods.App.UI/NexusMods.App.UI.csproj]
/home/tatoh/Repos/Personal/NexusMods.App/src/NexusMods.App.UI/WorkspaceSystem/WorkspaceController/WorkspaceController.cs(345,13): warning CS0612: 'Tracking' is obsolete [/home/tatoh/Repos/Personal/NexusMods.App/src/NexusMods.App.UI/NexusMods.App.UI.csproj]
/home/tatoh/Repos/Personal/NexusMods.App/src/NexusMods.App.UI/WorkspaceSystem/WorkspaceController/WorkspaceController.cs(354,13): warning CS0612: 'Tracking' is obsolete [/home/tatoh/Repos/Personal/NexusMods.App/src/NexusMods.App.UI/NexusMods.App.UI.csproj]
/home/tatoh/Repos/Personal/NexusMods.App/src/NexusMods.App.UI/Controls/Search/SearchControl.axaml.cs(109,21): warning CS0612: 'Tracking' is obsolete [/home/tatoh/Repos/Personal/NexusMods.App/src/NexusMods.App.UI/NexusMods.App.UI.csproj]
/home/tatoh/Repos/Personal/NexusMods.App/src/NexusMods.App.UI/Controls/Spine/Buttons/Download/SpineDownloadButtonView.axaml.cs(18,13): warning CS0618: 'ReactiveUiExtensions.BindToUi<TValue, TTarget, TTValue>(IObservable<TValue>, TTarget?, Expression<Func<TTarget, TTValue?>>, object?, IBindingTypeConverter?)' is obsolete: 'This should not be used anymore. See UI Coding Conventions for more details.' [/home/tatoh/Repos/Personal/NexusMods.App/src/NexusMods.App.UI/NexusMods.App.UI.csproj]
/home/tatoh/Repos/Personal/NexusMods.App/src/NexusMods.App.UI/Controls/Spine/Buttons/Download/SpineDownloadButtonView.axaml.cs(31,13): warning CS0618: 'ReactiveUiExtensions.BindToUi<TValue, TTarget, TTValue>(IObservable<TValue>, TTarget?, Expression<Func<TTarget, TTValue?>>, object?, IBindingTypeConverter?)' is obsolete: 'This should not be used anymore. See UI Coding Conventions for more details.' [/home/tatoh/Repos/Personal/NexusMods.App/src/NexusMods.App.UI/NexusMods.App.UI.csproj]
/home/tatoh/Repos/Personal/NexusMods.App/src/NexusMods.App.UI/Controls/Spine/Buttons/Download/SpineDownloadButtonView.axaml.cs(37,13): warning CS0618: 'ReactiveUiExtensions.BindToUi<TValue, TTarget, TTValue>(IObservable<TValue>, TTarget?, Expression<Func<TTarget, TTValue?>>, object?, IBindingTypeConverter?)' is obsolete: 'This should not be used anymore. See UI Coding Conventions for more details.' [/home/tatoh/Repos/Personal/NexusMods.App/src/NexusMods.App.UI/NexusMods.App.UI.csproj]
/home/tatoh/Repos/Personal/NexusMods.App/src/NexusMods.App.UI/Controls/Spine/Buttons/Download/SpineDownloadButtonView.axaml.cs(42,13): warning CS0618: 'ReactiveUiExtensions.BindToUi<TValue, TTarget, TTValue>(IObservable<TValue>, TTarget?, Expression<Func<TTarget, TTValue?>>, object?, IBindingTypeConverter?)' is obsolete: 'This should not be used anymore. See UI Coding Conventions for more details.' [/home/tatoh/Repos/Personal/NexusMods.App/src/NexusMods.App.UI/NexusMods.App.UI.csproj]
/home/tatoh/Repos/Personal/NexusMods.App/src/NexusMods.App.UI/Controls/TopBar/TopBarViewModel.cs(115,17): warning CS0612: 'Tracking' is obsolete [/home/tatoh/Repos/Personal/NexusMods.App/src/NexusMods.App.UI/NexusMods.App.UI.csproj]
/home/tatoh/Repos/Personal/NexusMods.App/src/NexusMods.App.UI/Controls/TopBar/TopBarViewModel.cs(125,13): warning CS0612: 'Tracking' is obsolete [/home/tatoh/Repos/Personal/NexusMods.App/src/NexusMods.App.UI/NexusMods.App.UI.csproj]
/home/tatoh/Repos/Personal/NexusMods.App/src/NexusMods.App.UI/Controls/TopBar/TopBarViewModel.cs(133,13): warning CS0612: 'Tracking' is obsolete [/home/tatoh/Repos/Personal/NexusMods.App/src/NexusMods.App.UI/NexusMods.App.UI.csproj]
/home/tatoh/Repos/Personal/NexusMods.App/src/NexusMods.App.UI/WorkspaceSystem/PanelTab/TabHistory.cs(85,13): warning CS0612: 'Tracking' is obsolete [/home/tatoh/Repos/Personal/NexusMods.App/src/NexusMods.App.UI/NexusMods.App.UI.csproj]
/home/tatoh/Repos/Personal/NexusMods.App/src/NexusMods.App.UI/WorkspaceSystem/PanelTab/TabHistory.cs(89,13): warning CS0612: 'Tracking' is obsolete [/home/tatoh/Repos/Personal/NexusMods.App/src/NexusMods.App.UI/NexusMods.App.UI.csproj]
/home/tatoh/Repos/Personal/NexusMods.App/src/NexusMods.App.UI/LeftMenu/Items/ApplyControl/LaunchButtonViewModel.cs(77,21): warning CS0612: 'Tracking' is obsolete [/home/tatoh/Repos/Personal/NexusMods.App/src/NexusMods.App.UI/NexusMods.App.UI.csproj]
/home/tatoh/Repos/Personal/NexusMods.App/src/NexusMods.App.UI/LeftMenu/Items/ApplyControl/LaunchButtonViewModel.cs(83,21): warning CS0612: 'Tracking' is obsolete [/home/tatoh/Repos/Personal/NexusMods.App/src/NexusMods.App.UI/NexusMods.App.UI.csproj]
/home/tatoh/Repos/Personal/NexusMods.App/src/NexusMods.App.UI/LeftMenu/Items/ApplyControl/LaunchButtonView.axaml.cs(19,13): warning CS0618: 'ReactiveUiExtensions.BindToUi<TValue, TTarget, TTValue>(IObservable<TValue>, TTarget?, Expression<Func<TTarget, TTValue?>>, object?, IBindingTypeConverter?)' is obsolete: 'This should not be used anymore. See UI Coding Conventions for more details.' [/home/tatoh/Repos/Personal/NexusMods.App/src/NexusMods.App.UI/NexusMods.App.UI.csproj]
/home/tatoh/Repos/Personal/NexusMods.App/src/NexusMods.App.UI/LeftMenu/Items/ApplyControl/LaunchButtonView.axaml.cs(23,13): warning CS0618: 'ReactiveUiExtensions.BindToUi<TValue, TTarget, TTValue>(IObservable<TValue>, TTarget?, Expression<Func<TTarget, TTValue?>>, object?, IBindingTypeConverter?)' is obsolete: 'This should not be used anymore. See UI Coding Conventions for more details.' [/home/tatoh/Repos/Personal/NexusMods.App/src/NexusMods.App.UI/NexusMods.App.UI.csproj]
/home/tatoh/Repos/Personal/NexusMods.App/src/NexusMods.App.UI/LeftMenu/Items/ApplyControl/LaunchButtonView.axaml.cs(27,13): warning CS0618: 'ReactiveUiExtensions.BindToUi<TValue, TTarget, TTValue>(IObservable<TValue>, TTarget?, Expression<Func<TTarget, TTValue?>>, object?, IBindingTypeConverter?)' is obsolete: 'This should not be used anymore. See UI Coding Conventions for more details.' [/home/tatoh/Repos/Personal/NexusMods.App/src/NexusMods.App.UI/NexusMods.App.UI.csproj]
/home/tatoh/Repos/Personal/NexusMods.App/src/NexusMods.App.UI/LeftMenu/Items/ApplyControl/LaunchButtonView.axaml.cs(31,13): warning CS0618: 'ReactiveUiExtensions.BindToUi<TValue, TTarget, TTValue>(IObservable<TValue>, TTarget?, Expression<Func<TTarget, TTValue?>>, object?, IBindingTypeConverter?)' is obsolete: 'This should not be used anymore. See UI Coding Conventions for more details.' [/home/tatoh/Repos/Personal/NexusMods.App/src/NexusMods.App.UI/NexusMods.App.UI.csproj]
/home/tatoh/Repos/Personal/NexusMods.App/src/NexusMods.App.UI/LeftMenu/Items/ApplyControl/LaunchButtonView.axaml.cs(36,13): warning CS0618: 'ReactiveUiExtensions.BindToUi<TValue, TTarget, TTValue>(IObservable<TValue>, TTarget?, Expression<Func<TTarget, TTValue?>>, object?, IBindingTypeConverter?)' is obsolete: 'This should not be used anymore. See UI Coding Conventions for more details.' [/home/tatoh/Repos/Personal/NexusMods.App/src/NexusMods.App.UI/NexusMods.App.UI.csproj]
/home/tatoh/Repos/Personal/NexusMods.App/src/NexusMods.App.UI/Pages/MyGames/MyGamesViewModel.cs(161,21): warning CS0618: 'ManuallyAddedGame' is obsolete: 'this is a hack that will be removed soon tm' [/home/tatoh/Repos/Personal/NexusMods.App/src/NexusMods.App.UI/NexusMods.App.UI.csproj]
/home/tatoh/Repos/Personal/NexusMods.App/src/NexusMods.App.UI/Pages/MyGames/MyGamesViewModel.cs(237,33): warning CS0612: 'Tracking' is obsolete [/home/tatoh/Repos/Personal/NexusMods.App/src/NexusMods.App.UI/NexusMods.App.UI.csproj]
/home/tatoh/Repos/Personal/NexusMods.App/src/NexusMods.App.UI/Pages/MyGames/MyGamesViewModel.cs(244,33): warning CS0612: 'Tracking' is obsolete [/home/tatoh/Repos/Personal/NexusMods.App/src/NexusMods.App.UI/NexusMods.App.UI.csproj]
/home/tatoh/Repos/Personal/NexusMods.App/src/NexusMods.App.UI/Pages/MyGames/MyGamesViewModel.cs(352,17): warning CS0612: 'Tracking' is obsolete [/home/tatoh/Repos/Personal/NexusMods.App/src/NexusMods.App.UI/NexusMods.App.UI.csproj]
/home/tatoh/Repos/Personal/NexusMods.App/src/NexusMods.App.UI/Pages/MyGames/MyGamesViewModel.cs(361,17): warning CS0612: 'Tracking' is obsolete [/home/tatoh/Repos/Personal/NexusMods.App/src/NexusMods.App.UI/NexusMods.App.UI.csproj]
/home/tatoh/Repos/Personal/NexusMods.App/src/NexusMods.App.UI/Pages/MyGames/MyGamesViewModel.cs(365,13): warning CS0612: 'Tracking' is obsolete [/home/tatoh/Repos/Personal/NexusMods.App/src/NexusMods.App.UI/NexusMods.App.UI.csproj]
/home/tatoh/Repos/Personal/NexusMods.App/src/NexusMods.App.UI/Pages/MyGames/MyGamesViewModel.cs(368,9): warning CS0612: 'Tracking' is obsolete [/home/tatoh/Repos/Personal/NexusMods.App/src/NexusMods.App.UI/NexusMods.App.UI.csproj]
/home/tatoh/Repos/Personal/NexusMods.App/src/NexusMods.App.UI/Controls/GameWidget/GameWidget.axaml.cs(11,29): warning CS0169: The field 'GameWidget._previousState' is never used [/home/tatoh/Repos/Personal/NexusMods.App/src/NexusMods.App.UI/NexusMods.App.UI.csproj]
/home/tatoh/Repos/Personal/NexusMods.App/src/NexusMods.App.UI/Overlays/Generic/MessageBox/Ok/MessageBoxOkDesignViewModel.cs(10,47): warning CS0067: The event 'MessageBoxOkDesignViewModel.PropertyChanged' is never used [/home/tatoh/Repos/Personal/NexusMods.App/src/NexusMods.App.UI/NexusMods.App.UI.csproj]
/home/tatoh/Repos/Personal/NexusMods.App/src/NexusMods.App.UI/Dialog/DialogViewModel.cs(11,47): warning CS0067: The event 'DialogViewModel.PropertyChanged' is never used [/home/tatoh/Repos/Personal/NexusMods.App/src/NexusMods.App.UI/NexusMods.App.UI.csproj]
/home/tatoh/Repos/Personal/NexusMods.App/src/NexusMods.App.UI/Dialog/Dialog.cs(11,18): warning CS0414: The field 'Dialog._hasUserResized' is assigned but its value is never used [/home/tatoh/Repos/Personal/NexusMods.App/src/NexusMods.App.UI/NexusMods.App.UI.csproj]
/home/tatoh/Repos/Personal/NexusMods.App/src/NexusMods.App.UI/Controls/Alerts/Alert.axaml.cs(81,21): warning CS0414: The field 'Alert._bodyTextBorder' is assigned but its value is never used [/home/tatoh/Repos/Personal/NexusMods.App/src/NexusMods.App.UI/NexusMods.App.UI.csproj]
/home/tatoh/Repos/Personal/NexusMods.App/src/NexusMods.App.UI/LeftMenu/Loadout/LoadoutLeftMenuViewModel.cs(32,7): warning CS0105: The using directive for 'NexusMods.UI.Sdk' appeared previously in this namespace [/home/tatoh/Repos/Personal/NexusMods.App/src/NexusMods.App.UI/NexusMods.App.UI.csproj]
/home/tatoh/Repos/Personal/NexusMods.App/src/NexusMods.App.UI/Pages/CollectionDownload/CollectionDownloadViewModel.cs(561,59): warning CS0108: 'CollectionDownloadTreeDataGridAdapter.Filter' hides inherited member 'TreeDataGridAdapter<CompositeItemModel<EntityId>, EntityId>.Filter'. Use the new keyword if hiding was intended. [/home/tatoh/Repos/Personal/NexusMods.App/src/NexusMods.App.UI/NexusMods.App.UI.csproj]
/home/tatoh/Repos/Personal/NexusMods.App/src/NexusMods.App.UI/Pages/DebugControls/DebugControlsPageViewModel.cs(58,27): warning CS0108: 'DebugControlsPageViewModel.WindowManager' hides inherited member 'APageViewModel<IDebugControlsPageViewModel>.WindowManager'. Use the new keyword if hiding was intended. [/home/tatoh/Repos/Personal/NexusMods.App/src/NexusMods.App.UI/NexusMods.App.UI.csproj]
/home/tatoh/Repos/Personal/NexusMods.App/src/NexusMods.App.UI/Pages/DebugControls/DebugControlsPageViewModel.cs(70,27): warning CS0108: 'DebugControlsPageDesignViewModel.WindowManager' hides inherited member 'APageViewModel<IDebugControlsPageViewModel>.WindowManager'. Use the new keyword if hiding was intended. [/home/tatoh/Repos/Personal/NexusMods.App/src/NexusMods.App.UI/NexusMods.App.UI.csproj]
  NexusMods.App.UI -> /home/tatoh/Repos/Personal/NexusMods.App/src/NexusMods.App.UI/bin/Debug/net10.0/NexusMods.App.UI.dll

Build succeeded.

/home/tatoh/Repos/Personal/NexusMods.App/src/NexusMods.Abstractions.Loadouts.Synchronizers/NexusMods.Abstractions.Loadouts.Synchronizers.csproj : warning NU1510: PackageReference System.Linq will not be pruned. Consider removing this package from your dependencies, as it is likely unnecessary. [/home/tatoh/Repos/Personal/NexusMods.App/src/NexusMods.App.UI/NexusMods.App.UI.csproj]
/home/tatoh/Repos/Personal/NexusMods.App/src/NexusMods.Abstractions.Loadouts.Synchronizers/NexusMods.Abstractions.Loadouts.Synchronizers.csproj : warning NU1510: PackageReference System.Linq will not be pruned. Consider removing this package from your dependencies, as it is likely unnecessary.
CSC : warning CS8785: Generator 'GenerateWeaveSources' failed to generate source. It will not contribute to the output and compilation errors may occur as a result. Exception was of type 'ArgumentNullException' with message 'Value cannot be null. (Parameter 'path2')'. [/home/tatoh/Repos/Personal/NexusMods.App/src/NexusMods.Sdk/NexusMods.Sdk.csproj]
/home/tatoh/Repos/Personal/NexusMods.App/src/NexusMods.Sdk/Loadouts/Models/Loadout.cs(7,7): warning CS0105: The using directive for 'NexusMods.MnemonicDB.Abstractions.Attributes' appeared previously in this namespace [/home/tatoh/Repos/Personal/NexusMods.App/src/NexusMods.Sdk/NexusMods.Sdk.csproj]
/home/tatoh/Repos/Personal/NexusMods.App/src/NexusMods.Sdk/Loadouts/Models/Loadout.cs(8,7): warning CS0105: The using directive for 'NexusMods.MnemonicDB.Abstractions.Models' appeared previously in this namespace [/home/tatoh/Repos/Personal/NexusMods.App/src/NexusMods.Sdk/NexusMods.Sdk.csproj]
/home/tatoh/Repos/Personal/NexusMods.App/src/NexusMods.Sdk/obj/Debug/net10.0/NexusMods.MnemonicDB.SourceGenerator/NexusMods.MnemonicDB.SourceGenerator.ModelGenerator/NexusMods_Sdk_Games_ManuallyAddedGame.Generated.cs(501,96): warning CS0618: 'ManuallyAddedGame' is obsolete: 'this is a hack that will be removed soon tm' [/home/tatoh/Repos/Personal/NexusMods.App/src/NexusMods.Sdk/NexusMods.Sdk.csproj]
/home/tatoh/Repos/Personal/NexusMods.App/src/NexusMods.Sdk/obj/Debug/net10.0/NexusMods.MnemonicDB.SourceGenerator/NexusMods.MnemonicDB.SourceGenerator.ModelGenerator/NexusMods_Sdk_Games_ManuallyAddedGame.Generated.cs(501,19): warning CS0618: 'ManuallyAddedGame' is obsolete: 'this is a hack that will be removed soon tm' [/home/tatoh/Repos/Personal/NexusMods.App/src/NexusMods.Sdk/NexusMods.Sdk.csproj]
/home/tatoh/Repos/Personal/NexusMods.App/src/NexusMods.Sdk/obj/Debug/net10.0/NexusMods.MnemonicDB.SourceGenerator/NexusMods.MnemonicDB.SourceGenerator.ModelGenerator/NexusMods_Sdk_Games_ManuallyAddedGame.Generated.cs(487,65): warning CS0618: 'ManuallyAddedGame' is obsolete: 'this is a hack that will be removed soon tm' [/home/tatoh/Repos/Personal/NexusMods.App/src/NexusMods.Sdk/NexusMods.Sdk.csproj]
/home/tatoh/Repos/Personal/NexusMods.App/src/NexusMods.Sdk/obj/Debug/net10.0/NexusMods.MnemonicDB.SourceGenerator/NexusMods.MnemonicDB.SourceGenerator.ModelGenerator/NexusMods_Sdk_Games_ManuallyAddedGame.Generated.cs(488,65): warning CS0618: 'ManuallyAddedGame' is obsolete: 'this is a hack that will be removed soon tm' [/home/tatoh/Repos/Personal/NexusMods.App/src/NexusMods.Sdk/NexusMods.Sdk.csproj]
/home/tatoh/Repos/Personal/NexusMods.App/src/NexusMods.Sdk/obj/Debug/net10.0/NexusMods.MnemonicDB.SourceGenerator/NexusMods.MnemonicDB.SourceGenerator.ModelGenerator/NexusMods_Sdk_Games_ManuallyAddedGame.Generated.cs(489,65): warning CS0618: 'ManuallyAddedGame' is obsolete: 'this is a hack that will be removed soon tm' [/home/tatoh/Repos/Personal/NexusMods.App/src/NexusMods.Sdk/NexusMods.Sdk.csproj]
/home/tatoh/Repos/Personal/NexusMods.App/src/NexusMods.Sdk/obj/Debug/net10.0/NexusMods.MnemonicDB.SourceGenerator/NexusMods.MnemonicDB.SourceGenerator.ModelGenerator/NexusMods_Sdk_Games_ManuallyAddedGame.Generated.cs(490,65): warning CS0618: 'ManuallyAddedGame' is obsolete: 'this is a hack that will be removed soon tm' [/home/tatoh/Repos/Personal/NexusMods.App/src/NexusMods.Sdk/NexusMods.Sdk.csproj]
/home/tatoh/Repos/Personal/NexusMods.App/src/NexusMods.Sdk/obj/Debug/net10.0/NexusMods.MnemonicDB.SourceGenerator/NexusMods.MnemonicDB.SourceGenerator.ModelGenerator/NexusMods_Sdk_Games_ManuallyAddedGame.Generated.cs(491,77): warning CS0618: 'ManuallyAddedGame' is obsolete: 'this is a hack that will be removed soon tm' [/home/tatoh/Repos/Personal/NexusMods.App/src/NexusMods.Sdk/NexusMods.Sdk.csproj]
/home/tatoh/Repos/Personal/NexusMods.App/src/NexusMods.Sdk/obj/Debug/net10.0/NexusMods.MnemonicDB.SourceGenerator/NexusMods.MnemonicDB.SourceGenerator.ModelGenerator/NexusMods_Sdk_Games_ManuallyAddedGame.Generated.cs(491,113): warning CS0618: 'ManuallyAddedGame' is obsolete: 'this is a hack that will be removed soon tm' [/home/tatoh/Repos/Personal/NexusMods.App/src/NexusMods.Sdk/NexusMods.Sdk.csproj]
/home/tatoh/Repos/Personal/NexusMods.App/src/NexusMods.Sdk/obj/Debug/net10.0/NexusMods.MnemonicDB.SourceGenerator/NexusMods.MnemonicDB.SourceGenerator.ModelGenerator/NexusMods_Sdk_Games_ManuallyAddedGame.Generated.cs(502,20): warning CS0618: 'ManuallyAddedGame' is obsolete: 'this is a hack that will be removed soon tm' [/home/tatoh/Repos/Personal/NexusMods.App/src/NexusMods.Sdk/NexusMods.Sdk.csproj]
/home/tatoh/Repos/Personal/NexusMods.App/src/NexusMods.Sdk/Jobs/StreamProgressWrapper.cs(51,34): warning CS1690: Accessing a member on 'StreamProgressWrapper<TState>._period' may cause a runtime exception because it is a field of a marshal-by-reference class [/home/tatoh/Repos/Personal/NexusMods.App/src/NexusMods.Sdk/NexusMods.Sdk.csproj]
/home/tatoh/Repos/Personal/NexusMods.App/src/NexusMods.Sdk/obj/Debug/net10.0/NexusMods.MnemonicDB.SourceGenerator/NexusMods.MnemonicDB.SourceGenerator.ModelGenerator/NexusMods_Sdk_Games_GameInstallMetadata.Generated.cs(583,65): warning CS0618: 'GameInstallMetadata.Name' is obsolete: 'to be removed' [/home/tatoh/Repos/Personal/NexusMods.App/src/NexusMods.Sdk/NexusMods.Sdk.csproj]
/home/tatoh/Repos/Personal/NexusMods.App/src/NexusMods.Sdk/Games/IGameData.cs(60,26): warning CS0168: The variable 'e' is declared but never used [/home/tatoh/Repos/Personal/NexusMods.App/src/NexusMods.Sdk/NexusMods.Sdk.csproj]
/home/tatoh/Repos/Personal/NexusMods.App/src/NexusMods.Sdk/obj/Debug/net10.0/NexusMods.MnemonicDB.SourceGenerator/NexusMods.MnemonicDB.SourceGenerator.ModelGenerator/NexusMods_Sdk_Games_GameInstallMetadata.Generated.cs(100,9): warning CS0618: 'GameInstallMetadata.Name' is obsolete: 'to be removed' [/home/tatoh/Repos/Personal/NexusMods.App/src/NexusMods.Sdk/NexusMods.Sdk.csproj]
/home/tatoh/Repos/Personal/NexusMods.App/src/NexusMods.Sdk/obj/Debug/net10.0/NexusMods.MnemonicDB.SourceGenerator/NexusMods.MnemonicDB.SourceGenerator.ModelGenerator/NexusMods_Sdk_Games_GameInstallMetadata.Generated.cs(116,9): warning CS0618: 'GameInstallMetadata.Name' is obsolete: 'to be removed' [/home/tatoh/Repos/Personal/NexusMods.App/src/NexusMods.Sdk/NexusMods.Sdk.csproj]
/home/tatoh/Repos/Personal/NexusMods.App/src/NexusMods.Sdk/obj/Debug/net10.0/NexusMods.MnemonicDB.SourceGenerator/NexusMods.MnemonicDB.SourceGenerator.ModelGenerator/NexusMods_Sdk_Games_GameInstallMetadata.Generated.cs(413,34): warning CS0618: 'GameInstallMetadata.Name' is obsolete: 'to be removed' [/home/tatoh/Repos/Personal/NexusMods.App/src/NexusMods.Sdk/NexusMods.Sdk.csproj]
/home/tatoh/Repos/Personal/NexusMods.App/src/NexusMods.Sdk/obj/Debug/net10.0/NexusMods.MnemonicDB.SourceGenerator/NexusMods.MnemonicDB.SourceGenerator.ModelGenerator/NexusMods_Sdk_Games_GameInstallMetadata.Generated.cs(226,24): warning CS0618: 'GameInstallMetadata.Name' is obsolete: 'to be removed' [/home/tatoh/Repos/Personal/NexusMods.App/src/NexusMods.Sdk/NexusMods.Sdk.csproj]
/home/tatoh/Repos/Personal/NexusMods.App/src/NexusMods.Sdk/Loadouts/Models/Loadout.cs(7,7): warning CS0105: The using directive for 'NexusMods.MnemonicDB.Abstractions.Attributes' appeared previously in this namespace [/home/tatoh/Repos/Personal/NexusMods.App/src/NexusMods.Sdk/NexusMods.Sdk.csproj]
/home/tatoh/Repos/Personal/NexusMods.App/src/NexusMods.Sdk/Loadouts/Models/Loadout.cs(8,7): warning CS0105: The using directive for 'NexusMods.MnemonicDB.Abstractions.Models' appeared previously in this namespace [/home/tatoh/Repos/Personal/NexusMods.App/src/NexusMods.Sdk/NexusMods.Sdk.csproj]
/home/tatoh/Repos/Personal/NexusMods.App/src/NexusMods.Sdk/obj/Debug/net10.0/NexusMods.MnemonicDB.SourceGenerator/NexusMods.MnemonicDB.SourceGenerator.ModelGenerator/NexusMods_Sdk_Games_ManuallyAddedGame.Generated.cs(501,96): warning CS0618: 'ManuallyAddedGame' is obsolete: 'this is a hack that will be removed soon tm' [/home/tatoh/Repos/Personal/NexusMods.App/src/NexusMods.Sdk/NexusMods.Sdk.csproj]
/home/tatoh/Repos/Personal/NexusMods.App/src/NexusMods.Sdk/obj/Debug/net10.0/NexusMods.MnemonicDB.SourceGenerator/NexusMods.MnemonicDB.SourceGenerator.ModelGenerator/NexusMods_Sdk_Games_ManuallyAddedGame.Generated.cs(501,19): warning CS0618: 'ManuallyAddedGame' is obsolete: 'this is a hack that will be removed soon tm' [/home/tatoh/Repos/Personal/NexusMods.App/src/NexusMods.Sdk/NexusMods.Sdk.csproj]
CSC : warning CS8785: Generator 'GenerateWeaveSources' failed to generate source. It will not contribute to the output and compilation errors may occur as a result. Exception was of type 'ArgumentNullException' with message 'Value cannot be null. (Parameter 'path2')'. [/home/tatoh/Repos/Personal/NexusMods.App/src/NexusMods.App.UI/NexusMods.App.UI.csproj]
/home/tatoh/Repos/Personal/NexusMods.App/src/NexusMods.App.UI/LeftMenu/Loadout/LoadoutLeftMenuViewModel.cs(32,7): warning CS0105: The using directive for 'NexusMods.UI.Sdk' appeared previously in this namespace [/home/tatoh/Repos/Personal/NexusMods.App/src/NexusMods.App.UI/NexusMods.App.UI.csproj]
/home/tatoh/Repos/Personal/NexusMods.App/src/NexusMods.App.UI/Pages/CollectionDownload/CollectionDownloadViewModel.cs(561,59): warning CS0108: 'CollectionDownloadTreeDataGridAdapter.Filter' hides inherited member 'TreeDataGridAdapter<CompositeItemModel<EntityId>, EntityId>.Filter'. Use the new keyword if hiding was intended. [/home/tatoh/Repos/Personal/NexusMods.App/src/NexusMods.App.UI/NexusMods.App.UI.csproj]
/home/tatoh/Repos/Personal/NexusMods.App/src/NexusMods.App.UI/Pages/DebugControls/DebugControlsPageViewModel.cs(58,27): warning CS0108: 'DebugControlsPageViewModel.WindowManager' hides inherited member 'APageViewModel<IDebugControlsPageViewModel>.WindowManager'. Use the new keyword if hiding was intended. [/home/tatoh/Repos/Personal/NexusMods.App/src/NexusMods.App.UI/NexusMods.App.UI.csproj]
/home/tatoh/Repos/Personal/NexusMods.App/src/NexusMods.App.UI/Pages/DebugControls/DebugControlsPageViewModel.cs(70,27): warning CS0108: 'DebugControlsPageDesignViewModel.WindowManager' hides inherited member 'APageViewModel<IDebugControlsPageViewModel>.WindowManager'. Use the new keyword if hiding was intended. [/home/tatoh/Repos/Personal/NexusMods.App/src/NexusMods.App.UI/NexusMods.App.UI.csproj]
/home/tatoh/Repos/Personal/NexusMods.App/src/NexusMods.App.UI/Controls/Trees/Files/FileTreeNodeView.axaml.cs(26,50): warning CS0618: 'FileTreeNodeIconTypeHelpers.GetIconClass(FileTreeNodeIconType)' is obsolete: 'To be removed with migration to new ViewModFiles and Preview Changes' [/home/tatoh/Repos/Personal/NexusMods.App/src/NexusMods.App.UI/NexusMods.App.UI.csproj]
/home/tatoh/Repos/Personal/NexusMods.App/src/NexusMods.App.UI/Controls/Trees/Files/FileTreeNodeView.axaml.cs(27,47): warning CS0618: 'FileTreeNodeIconTypeHelpers.GetIconClass(FileTreeNodeIconType)' is obsolete: 'To be removed with migration to new ViewModFiles and Preview Changes' [/home/tatoh/Repos/Personal/NexusMods.App/src/NexusMods.App.UI/NexusMods.App.UI.csproj]
/home/tatoh/Repos/Personal/NexusMods.App/src/NexusMods.App.UI/Controls/Trees/Common/FileTreeNodeIconType.cs(133,16): warning CS0618: 'FileTreeNodeIconTypeHelpers.GetIconClass(FileTreeNodeIconType)' is obsolete: 'To be removed with migration to new ViewModFiles and Preview Changes' [/home/tatoh/Repos/Personal/NexusMods.App/src/NexusMods.App.UI/NexusMods.App.UI.csproj]
/home/tatoh/Repos/Personal/NexusMods.App/src/NexusMods.App.UI/WorkspaceSystem/WorkspaceController/WorkspaceController.cs(345,13): warning CS0612: 'Tracking' is obsolete [/home/tatoh/Repos/Personal/NexusMods.App/src/NexusMods.App.UI/NexusMods.App.UI.csproj]
/home/tatoh/Repos/Personal/NexusMods.App/src/NexusMods.App.UI/WorkspaceSystem/WorkspaceController/WorkspaceController.cs(354,13): warning CS0612: 'Tracking' is obsolete [/home/tatoh/Repos/Personal/NexusMods.App/src/NexusMods.App.UI/NexusMods.App.UI.csproj]
/home/tatoh/Repos/Personal/NexusMods.App/src/NexusMods.App.UI/Controls/Search/SearchControl.axaml.cs(109,21): warning CS0612: 'Tracking' is obsolete [/home/tatoh/Repos/Personal/NexusMods.App/src/NexusMods.App.UI/NexusMods.App.UI.csproj]
/home/tatoh/Repos/Personal/NexusMods.App/src/NexusMods.App.UI/Controls/Spine/Buttons/Download/SpineDownloadButtonView.axaml.cs(18,13): warning CS0618: 'ReactiveUiExtensions.BindToUi<TValue, TTarget, TTValue>(IObservable<TValue>, TTarget?, Expression<Func<TTarget, TTValue?>>, object?, IBindingTypeConverter?)' is obsolete: 'This should not be used anymore. See UI Coding Conventions for more details.' [/home/tatoh/Repos/Personal/NexusMods.App/src/NexusMods.App.UI/NexusMods.App.UI.csproj]
/home/tatoh/Repos/Personal/NexusMods.App/src/NexusMods.App.UI/Controls/Spine/Buttons/Download/SpineDownloadButtonView.axaml.cs(31,13): warning CS0618: 'ReactiveUiExtensions.BindToUi<TValue, TTarget, TTValue>(IObservable<TValue>, TTarget?, Expression<Func<TTarget, TTValue?>>, object?, IBindingTypeConverter?)' is obsolete: 'This should not be used anymore. See UI Coding Conventions for more details.' [/home/tatoh/Repos/Personal/NexusMods.App/src/NexusMods.App.UI/NexusMods.App.UI.csproj]
/home/tatoh/Repos/Personal/NexusMods.App/src/NexusMods.App.UI/Controls/Spine/Buttons/Download/SpineDownloadButtonView.axaml.cs(37,13): warning CS0618: 'ReactiveUiExtensions.BindToUi<TValue, TTarget, TTValue>(IObservable<TValue>, TTarget?, Expression<Func<TTarget, TTValue?>>, object?, IBindingTypeConverter?)' is obsolete: 'This should not be used anymore. See UI Coding Conventions for more details.' [/home/tatoh/Repos/Personal/NexusMods.App/src/NexusMods.App.UI/NexusMods.App.UI.csproj]
/home/tatoh/Repos/Personal/NexusMods.App/src/NexusMods.App.UI/Controls/Spine/Buttons/Download/SpineDownloadButtonView.axaml.cs(42,13): warning CS0618: 'ReactiveUiExtensions.BindToUi<TValue, TTarget, TTValue>(IObservable<TValue>, TTarget?, Expression<Func<TTarget, TTValue?>>, object?, IBindingTypeConverter?)' is obsolete: 'This should not be used anymore. See UI Coding Conventions for more details.' [/home/tatoh/Repos/Personal/NexusMods.App/src/NexusMods.App.UI/NexusMods.App.UI.csproj]
/home/tatoh/Repos/Personal/NexusMods.App/src/NexusMods.App.UI/Controls/TopBar/TopBarViewModel.cs(115,17): warning CS0612: 'Tracking' is obsolete [/home/tatoh/Repos/Personal/NexusMods.App/src/NexusMods.App.UI/NexusMods.App.UI.csproj]
/home/tatoh/Repos/Personal/NexusMods.App/src/NexusMods.App.UI/Controls/TopBar/TopBarViewModel.cs(125,13): warning CS0612: 'Tracking' is obsolete [/home/tatoh/Repos/Personal/NexusMods.App/src/NexusMods.App.UI/NexusMods.App.UI.csproj]
/home/tatoh/Repos/Personal/NexusMods.App/src/NexusMods.App.UI/Controls/TopBar/TopBarViewModel.cs(133,13): warning CS0612: 'Tracking' is obsolete [/home/tatoh/Repos/Personal/NexusMods.App/src/NexusMods.App.UI/NexusMods.App.UI.csproj]
/home/tatoh/Repos/Personal/NexusMods.App/src/NexusMods.App.UI/WorkspaceSystem/PanelTab/TabHistory.cs(85,13): warning CS0612: 'Tracking' is obsolete [/home/tatoh/Repos/Personal/NexusMods.App/src/NexusMods.App.UI/NexusMods.App.UI.csproj]
/home/tatoh/Repos/Personal/NexusMods.App/src/NexusMods.App.UI/WorkspaceSystem/PanelTab/TabHistory.cs(89,13): warning CS0612: 'Tracking' is obsolete [/home/tatoh/Repos/Personal/NexusMods.App/src/NexusMods.App.UI/NexusMods.App.UI.csproj]
/home/tatoh/Repos/Personal/NexusMods.App/src/NexusMods.App.UI/LeftMenu/Items/ApplyControl/LaunchButtonViewModel.cs(77,21): warning CS0612: 'Tracking' is obsolete [/home/tatoh/Repos/Personal/NexusMods.App/src/NexusMods.App.UI/NexusMods.App.UI.csproj]
/home/tatoh/Repos/Personal/NexusMods.App/src/NexusMods.App.UI/LeftMenu/Items/ApplyControl/LaunchButtonViewModel.cs(83,21): warning CS0612: 'Tracking' is obsolete [/home/tatoh/Repos/Personal/NexusMods.App/src/NexusMods.App.UI/NexusMods.App.UI.csproj]
/home/tatoh/Repos/Personal/NexusMods.App/src/NexusMods.App.UI/LeftMenu/Items/ApplyControl/LaunchButtonView.axaml.cs(19,13): warning CS0618: 'ReactiveUiExtensions.BindToUi<TValue, TTarget, TTValue>(IObservable<TValue>, TTarget?, Expression<Func<TTarget, TTValue?>>, object?, IBindingTypeConverter?)' is obsolete: 'This should not be used anymore. See UI Coding Conventions for more details.' [/home/tatoh/Repos/Personal/NexusMods.App/src/NexusMods.App.UI/NexusMods.App.UI.csproj]
/home/tatoh/Repos/Personal/NexusMods.App/src/NexusMods.App.UI/LeftMenu/Items/ApplyControl/LaunchButtonView.axaml.cs(23,13): warning CS0618: 'ReactiveUiExtensions.BindToUi<TValue, TTarget, TTValue>(IObservable<TValue>, TTarget?, Expression<Func<TTarget, TTValue?>>, object?, IBindingTypeConverter?)' is obsolete: 'This should not be used anymore. See UI Coding Conventions for more details.' [/home/tatoh/Repos/Personal/NexusMods.App/src/NexusMods.App.UI/NexusMods.App.UI.csproj]
/home/tatoh/Repos/Personal/NexusMods.App/src/NexusMods.App.UI/LeftMenu/Items/ApplyControl/LaunchButtonView.axaml.cs(27,13): warning CS0618: 'ReactiveUiExtensions.BindToUi<TValue, TTarget, TTValue>(IObservable<TValue>, TTarget?, Expression<Func<TTarget, TTValue?>>, object?, IBindingTypeConverter?)' is obsolete: 'This should not be used anymore. See UI Coding Conventions for more details.' [/home/tatoh/Repos/Personal/NexusMods.App/src/NexusMods.App.UI/NexusMods.App.UI.csproj]
/home/tatoh/Repos/Personal/NexusMods.App/src/NexusMods.App.UI/LeftMenu/Items/ApplyControl/LaunchButtonView.axaml.cs(31,13): warning CS0618: 'ReactiveUiExtensions.BindToUi<TValue, TTarget, TTValue>(IObservable<TValue>, TTarget?, Expression<Func<TTarget, TTValue?>>, object?, IBindingTypeConverter?)' is obsolete: 'This should not be used anymore. See UI Coding Conventions for more details.' [/home/tatoh/Repos/Personal/NexusMods.App/src/NexusMods.App.UI/NexusMods.App.UI.csproj]
/home/tatoh/Repos/Personal/NexusMods.App/src/NexusMods.App.UI/LeftMenu/Items/ApplyControl/LaunchButtonView.axaml.cs(36,13): warning CS0618: 'ReactiveUiExtensions.BindToUi<TValue, TTarget, TTValue>(IObservable<TValue>, TTarget?, Expression<Func<TTarget, TTValue?>>, object?, IBindingTypeConverter?)' is obsolete: 'This should not be used anymore. See UI Coding Conventions for more details.' [/home/tatoh/Repos/Personal/NexusMods.App/src/NexusMods.App.UI/NexusMods.App.UI.csproj]
/home/tatoh/Repos/Personal/NexusMods.App/src/NexusMods.App.UI/Pages/MyGames/MyGamesViewModel.cs(161,21): warning CS0618: 'ManuallyAddedGame' is obsolete: 'this is a hack that will be removed soon tm' [/home/tatoh/Repos/Personal/NexusMods.App/src/NexusMods.App.UI/NexusMods.App.UI.csproj]
/home/tatoh/Repos/Personal/NexusMods.App/src/NexusMods.App.UI/Pages/MyGames/MyGamesViewModel.cs(237,33): warning CS0612: 'Tracking' is obsolete [/home/tatoh/Repos/Personal/NexusMods.App/src/NexusMods.App.UI/NexusMods.App.UI.csproj]
/home/tatoh/Repos/Personal/NexusMods.App/src/NexusMods.App.UI/Pages/MyGames/MyGamesViewModel.cs(244,33): warning CS0612: 'Tracking' is obsolete [/home/tatoh/Repos/Personal/NexusMods.App/src/NexusMods.App.UI/NexusMods.App.UI.csproj]
/home/tatoh/Repos/Personal/NexusMods.App/src/NexusMods.App.UI/Pages/MyGames/MyGamesViewModel.cs(352,17): warning CS0612: 'Tracking' is obsolete [/home/tatoh/Repos/Personal/NexusMods.App/src/NexusMods.App.UI/NexusMods.App.UI.csproj]
/home/tatoh/Repos/Personal/NexusMods.App/src/NexusMods.App.UI/Pages/MyGames/MyGamesViewModel.cs(361,17): warning CS0612: 'Tracking' is obsolete [/home/tatoh/Repos/Personal/NexusMods.App/src/NexusMods.App.UI/NexusMods.App.UI.csproj]
/home/tatoh/Repos/Personal/NexusMods.App/src/NexusMods.App.UI/Pages/MyGames/MyGamesViewModel.cs(365,13): warning CS0612: 'Tracking' is obsolete [/home/tatoh/Repos/Personal/NexusMods.App/src/NexusMods.App.UI/NexusMods.App.UI.csproj]
/home/tatoh/Repos/Personal/NexusMods.App/src/NexusMods.App.UI/Pages/MyGames/MyGamesViewModel.cs(368,9): warning CS0612: 'Tracking' is obsolete [/home/tatoh/Repos/Personal/NexusMods.App/src/NexusMods.App.UI/NexusMods.App.UI.csproj]
/home/tatoh/Repos/Personal/NexusMods.App/src/NexusMods.App.UI/Controls/GameWidget/GameWidget.axaml.cs(11,29): warning CS0169: The field 'GameWidget._previousState' is never used [/home/tatoh/Repos/Personal/NexusMods.App/src/NexusMods.App.UI/NexusMods.App.UI.csproj]
/home/tatoh/Repos/Personal/NexusMods.App/src/NexusMods.App.UI/Overlays/Generic/MessageBox/Ok/MessageBoxOkDesignViewModel.cs(10,47): warning CS0067: The event 'MessageBoxOkDesignViewModel.PropertyChanged' is never used [/home/tatoh/Repos/Personal/NexusMods.App/src/NexusMods.App.UI/NexusMods.App.UI.csproj]
/home/tatoh/Repos/Personal/NexusMods.App/src/NexusMods.App.UI/Dialog/DialogViewModel.cs(11,47): warning CS0067: The event 'DialogViewModel.PropertyChanged' is never used [/home/tatoh/Repos/Personal/NexusMods.App/src/NexusMods.App.UI/NexusMods.App.UI.csproj]
/home/tatoh/Repos/Personal/NexusMods.App/src/NexusMods.App.UI/Dialog/Dialog.cs(11,18): warning CS0414: The field 'Dialog._hasUserResized' is assigned but its value is never used [/home/tatoh/Repos/Personal/NexusMods.App/src/NexusMods.App.UI/NexusMods.App.UI.csproj]
/home/tatoh/Repos/Personal/NexusMods.App/src/NexusMods.App.UI/Controls/Alerts/Alert.axaml.cs(81,21): warning CS0414: The field 'Alert._bodyTextBorder' is assigned but its value is never used [/home/tatoh/Repos/Personal/NexusMods.App/src/NexusMods.App.UI/NexusMods.App.UI.csproj]
/home/tatoh/Repos/Personal/NexusMods.App/src/NexusMods.App.UI/LeftMenu/Loadout/LoadoutLeftMenuViewModel.cs(32,7): warning CS0105: The using directive for 'NexusMods.UI.Sdk' appeared previously in this namespace [/home/tatoh/Repos/Personal/NexusMods.App/src/NexusMods.App.UI/NexusMods.App.UI.csproj]
/home/tatoh/Repos/Personal/NexusMods.App/src/NexusMods.App.UI/Pages/CollectionDownload/CollectionDownloadViewModel.cs(561,59): warning CS0108: 'CollectionDownloadTreeDataGridAdapter.Filter' hides inherited member 'TreeDataGridAdapter<CompositeItemModel<EntityId>, EntityId>.Filter'. Use the new keyword if hiding was intended. [/home/tatoh/Repos/Personal/NexusMods.App/src/NexusMods.App.UI/NexusMods.App.UI.csproj]
/home/tatoh/Repos/Personal/NexusMods.App/src/NexusMods.App.UI/Pages/DebugControls/DebugControlsPageViewModel.cs(58,27): warning CS0108: 'DebugControlsPageViewModel.WindowManager' hides inherited member 'APageViewModel<IDebugControlsPageViewModel>.WindowManager'. Use the new keyword if hiding was intended. [/home/tatoh/Repos/Personal/NexusMods.App/src/NexusMods.App.UI/NexusMods.App.UI.csproj]
/home/tatoh/Repos/Personal/NexusMods.App/src/NexusMods.App.UI/Pages/DebugControls/DebugControlsPageViewModel.cs(70,27): warning CS0108: 'DebugControlsPageDesignViewModel.WindowManager' hides inherited member 'APageViewModel<IDebugControlsPageViewModel>.WindowManager'. Use the new keyword if hiding was intended. [/home/tatoh/Repos/Personal/NexusMods.App/src/NexusMods.App.UI/NexusMods.App.UI.csproj]
    68 Warning(s)
    0 Error(s)

Time Elapsed 00:00:13.97
